<?xml version="1.0" encoding="UTF-8"?>
<!-- Generated by org.testng.reporters.JUnitXMLReporter -->
<testsuite ignored="0" hostname="Annisas-MacBook-Pro.local" failures="0" tests="5" name="Surefire test" time="5.372" errors="0" timestamp="2025-02-07T10:31:05 WIB">
  <testcase classname="com.example.LoginTest" name="testLogin" time="1.783"/>
  <testcase classname="com.example.LoginTest" name="testLogin" time="0.256"/>
  <testcase classname="com.example.LoginTest" name="testLogin" time="0.249"/>
  <testcase classname="com.example.LoginTest" name="testLogin" time="0.224"/>
  <testcase classname="com.example.LoginTest" name="testLogin" time="0.206"/>
</testsuite> <!-- Surefire test -->
