<?xml version="1.0" encoding="UTF-8"?>
<!-- Generated by org.testng.reporters.JUnitReportReporter -->
<testsuite hostname="Annisas-MacBook-Pro.local" failures="0" tests="5" name="com.example.LoginTest" time="2.718" errors="0" timestamp="2025-02-07T10:31:05 WIB" skipped="0">
  <testcase classname="com.example.LoginTest" name="testLogin" time="0.249"/>
  <testcase classname="com.example.LoginTest" name="testLogin" time="0.206"/>
  <testcase classname="com.example.LoginTest" name="testLogin" time="0.256"/>
  <testcase classname="com.example.LoginTest" name="testLogin" time="1.783"/>
  <testcase classname="com.example.LoginTest" name="testLogin" time="0.224"/>
</testsuite> <!-- com.example.LoginTest -->
